[2023-01-28T14:35:30.543] [ERROR] default - Hubo un error conectandose a la base MongooseError: The `uri` parameter to `openUri()` must be a string, got "object". Make sure the first parameter to `mongoose.connect()` or `mongoose.createConnection()` is a string.
[2023-01-28T14:35:45.224] [ERROR] default - Hubo un error conectandose a la base MongooseError: The `uri` parameter to `openUri()` must be a string, got "object". Make sure the first parameter to `mongoose.connect()` or `mongoose.createConnection()` is a string.
[2023-01-28T14:36:41.742] [ERROR] default - Hubo un error conectandose a la base MongooseError: The `uri` parameter to `openUri()` must be a string, got "object". Make sure the first parameter to `mongoose.connect()` or `mongoose.createConnection()` is a string.
[2023-01-31T17:31:34.079] [ERROR] default - No se encontró el usuario con el username mgposse@gmail.com
[2023-02-07T20:41:30.714] [ERROR] default - Se produjo el error MongooseError: The `uri` parameter to `openUri()` must be a string, got "undefined". Make sure the first parameter to `mongoose.connect()` or `mongoose.createConnection()` is a string.
[2023-02-07T20:41:30.720] [ERROR] default - Se produjo el error MongooseError: The `uri` parameter to `openUri()` must be a string, got "undefined". Make sure the first parameter to `mongoose.connect()` or `mongoose.createConnection()` is a string.
[2023-02-07T20:41:30.726] [ERROR] default - Se produjo el error MongooseError: The `uri` parameter to `openUri()` must be a string, got "undefined". Make sure the first parameter to `mongoose.connect()` or `mongoose.createConnection()` is a string.
[2023-02-07T20:41:49.979] [ERROR] default - Se produjo el error MongooseError: The `uri` parameter to `openUri()` must be a string, got "undefined". Make sure the first parameter to `mongoose.connect()` or `mongoose.createConnection()` is a string.
[2023-02-07T20:41:49.982] [ERROR] default - Se produjo el error MongooseError: The `uri` parameter to `openUri()` must be a string, got "undefined". Make sure the first parameter to `mongoose.connect()` or `mongoose.createConnection()` is a string.
[2023-02-07T20:41:49.988] [ERROR] default - Se produjo el error MongooseError: The `uri` parameter to `openUri()` must be a string, got "undefined". Make sure the first parameter to `mongoose.connect()` or `mongoose.createConnection()` is a string.
[2023-02-07T21:52:55.764] [ERROR] default - Error al consultar los usuarios ReferenceError: data is not defined
[2023-02-14T18:18:17.807] [ERROR] default - Error al buscar los usuarios ReferenceError: json is not defined
[2023-02-18T11:35:16.902] [ERROR] default - Error al eliminar todos los productos ReferenceError: ProductManager is not defined
[2023-02-18T11:36:26.382] [ERROR] default - Error al eliminar todos los productos ReferenceError: result is not defined
[2023-02-18T11:46:21.314] [ERROR] default - Error al eliminar todos los productos ReferenceError: result is not defined
[2023-02-18T11:48:21.747] [ERROR] default - Error al eliminar todos los productos ReferenceError: result is not defined
[2023-02-18T11:49:10.474] [ERROR] default - Error al eliminar todos los productos Error [ERR_HTTP_HEADERS_SENT]: Cannot set headers after they are sent to the client
[2023-02-18T11:51:00.349] [ERROR] default - Error al eliminar todos los productos Error [ERR_HTTP_HEADERS_SENT]: Cannot set headers after they are sent to the client
[2023-02-18T11:51:35.461] [ERROR] default - Error al eliminar todos los productos Error [ERR_HTTP_HEADERS_SENT]: Cannot set headers after they are sent to the client
[2023-02-18T11:54:48.127] [ERROR] default - Error al eliminar todos los productos Error [ERR_HTTP_HEADERS_SENT]: Cannot set headers after they are sent to the client
[2023-02-18T11:57:03.089] [ERROR] default - Error al eliminar todos los productos Error [ERR_HTTP_HEADERS_SENT]: Cannot set headers after they are sent to the client
[2023-02-18T11:57:03.354] [ERROR] default - Error al eliminar producto Error: Error al borrar: no se encontró el id 63
[2023-02-18T11:58:12.855] [ERROR] default - Error al eliminar todos los productos Error [ERR_HTTP_HEADERS_SENT]: Cannot set headers after they are sent to the client
[2023-02-18T11:58:13.124] [ERROR] default - Error al eliminar producto Error: Error al borrar: no se encontró el id 63
[2023-02-18T11:59:42.281] [ERROR] default - Error al eliminar todos los productos Error [ERR_HTTP_HEADERS_SENT]: Cannot set headers after they are sent to the client
[2023-02-18T11:59:42.566] [ERROR] default - Error al eliminar producto Error: Error al borrar: no se encontró el id 63
[2023-02-18T12:02:19.165] [ERROR] default - Error al eliminar todos los productos Error [ERR_HTTP_HEADERS_SENT]: Cannot set headers after they are sent to the client
[2023-02-18T12:02:19.493] [ERROR] default - Error al eliminar producto Error [ERR_HTTP_HEADERS_SENT]: Cannot set headers after they are sent to the client
[2023-02-18T12:03:04.349] [ERROR] default - Error al eliminar todos los productos Error [ERR_HTTP_HEADERS_SENT]: Cannot set headers after they are sent to the client
[2023-02-18T12:03:04.671] [ERROR] default - Error al eliminar producto Error [ERR_HTTP_HEADERS_SENT]: Cannot set headers after they are sent to the client
[2023-03-15T17:52:32.092] [ERROR] default - Error al cargar los productos Error: No default engine was specified and no extension was provided.
[2023-03-15T17:53:22.649] [ERROR] default - Error al cargar los productos Error: No default engine was specified and no extension was provided.
[2023-03-15T17:53:24.794] [ERROR] default - Error al cargar los productos Error: No default engine was specified and no extension was provided.
[2023-03-15T17:53:25.481] [ERROR] default - Error al cargar los productos Error: No default engine was specified and no extension was provided.
[2023-03-15T17:53:26.081] [ERROR] default - Error al cargar los productos Error: No default engine was specified and no extension was provided.
[2023-03-15T17:54:05.750] [ERROR] default - Error al cargar los productos Error: No default engine was specified and no extension was provided.
[2023-03-15T17:58:14.335] [ERROR] default - Error al cargar los productos Error: No default engine was specified and no extension was provided.
[2023-03-15T17:58:16.434] [ERROR] default - Error al cargar los productos Error: No default engine was specified and no extension was provided.
[2023-03-15T17:58:16.865] [ERROR] default - Error al cargar los productos Error: No default engine was specified and no extension was provided.
[2023-03-15T17:58:17.057] [ERROR] default - Error al cargar los productos Error: No default engine was specified and no extension was provided.
[2023-03-15T17:58:17.249] [ERROR] default - Error al cargar los productos Error: No default engine was specified and no extension was provided.
[2023-03-15T17:58:17.449] [ERROR] default - Error al cargar los productos Error: No default engine was specified and no extension was provided.
[2023-03-15T17:58:17.619] [ERROR] default - Error al cargar los productos Error: No default engine was specified and no extension was provided.
[2023-03-15T17:58:17.802] [ERROR] default - Error al cargar los productos Error: No default engine was specified and no extension was provided.
[2023-03-15T17:58:17.992] [ERROR] default - Error al cargar los productos Error: No default engine was specified and no extension was provided.
[2023-03-15T17:58:18.176] [ERROR] default - Error al cargar los productos Error: No default engine was specified and no extension was provided.
[2023-03-15T17:58:18.369] [ERROR] default - Error al cargar los productos Error: No default engine was specified and no extension was provided.
[2023-03-15T17:58:18.555] [ERROR] default - Error al cargar los productos Error: No default engine was specified and no extension was provided.
[2023-03-15T17:58:18.719] [ERROR] default - Error al cargar los productos Error: No default engine was specified and no extension was provided.
[2023-03-15T18:35:19.938] [ERROR] default - Error al cargar los productos TypeError: Cannot read properties of undefined (reading 'json')
[2023-03-31T18:35:46.798] [ERROR] default - Error al actualizar producto Error: Error: Error al actualizar: no se encontró el id 642751878
[2023-03-31T18:37:29.058] [ERROR] default - Error al actualizar producto Error: Error: Error al actualizar: no se encontró el id 642751878
[2023-03-31T18:42:16.764] [ERROR] default - Error al eliminar producto Error [ERR_HTTP_HEADERS_SENT]: Cannot set headers after they are sent to the client
[2023-03-31T18:43:32.835] [ERROR] default - Error al eliminar todos los productos Error [ERR_HTTP_HEADERS_SENT]: Cannot set headers after they are sent to the client
[2023-03-31T21:28:51.962] [ERROR] default - Error: Error: Hubo un error CastError: Cast to ObjectId failed for value "642773" (type number) at path "_id" for model "carritos"
    at getOneCart (file:///C:/Users/smpos/OneDrive/Escritorio/BackEndEntregaFinal/src/services/cartServices.js:26:11)
    at runMicrotasks (<anonymous>)
    at processTicksAndRejections (node:internal/process/task_queues:96:5)
    at async getProductsofCartController (file:///C:/Users/smpos/OneDrive/Escritorio/BackEndEntregaFinal/src/controllers/cartController.js:53:29)
[2023-03-31T21:48:55.776] [ERROR] default - Error al guardar producto en el carrito TypeError: Cannot read properties of undefined (reading 'products')
[2023-03-31T21:50:39.435] [ERROR] default - Error al guardar producto en el carrito TypeError: Cannot read properties of undefined (reading 'products')
[2023-03-31T21:55:25.953] [ERROR] default - Error al guardar producto en el carrito TypeError: Cannot read properties of undefined (reading 'products')
[2023-03-31T21:57:07.601] [ERROR] default - Error al guardar producto en el carrito TypeError: Cannot read properties of undefined (reading 'id')
[2023-03-31T21:57:48.608] [ERROR] default - Error al guardar producto en el carrito Error: Error: Hubo un error CastError: Cast to ObjectId failed for value "{ id: '642773f9b055c7734b36ea9c' }" (type Object) at path "_id" for model "carritos"
[2023-03-31T22:24:32.871] [ERROR] default - Error al actualizar producto TypeError: Cannot read properties of undefined (reading 'push')
[2023-03-31T22:27:59.819] [ERROR] default - Error al actualizar producto ReferenceError: result is not defined
[2023-03-31T22:29:13.333] [ERROR] default - Error al actualizar producto ReferenceError: result is not defined
[2023-03-31T22:45:00.987] [ERROR] default - Error al guardar producto en el carrito TypeError: Cannot read properties of undefined (reading 'products')
[2023-03-31T22:45:51.102] [ERROR] default - Error al guardar producto en el carrito TypeError: Cannot read properties of undefined (reading 'products')
[2023-03-31T22:46:38.021] [ERROR] default - Error al guardar producto en el carrito TypeError: Cannot read properties of undefined (reading 'products')
[2023-03-31T22:46:49.481] [ERROR] default - Error al guardar producto en el carrito TypeError: Cannot read properties of undefined (reading 'id')
[2023-03-31T23:15:21.433] [ERROR] default - Error al eliminar todos los carritos Error [ERR_HTTP_HEADERS_SENT]: Cannot set headers after they are sent to the client
[2023-03-31T23:19:46.225] [ERROR] default - Error al eliminar el producto TypeError: Cannot read properties of undefined (reading 'products')
[2023-04-01T08:22:00.038] [ERROR] default - Hubo un error Error: Authenticate
[2023-04-01T11:28:25.306] [ERROR] default - Error al buscar el usuario Error: ReferenceError: newData is not defined
[2023-04-01T12:17:23.851] [ERROR] default - [Error: ENOENT: no such file or directory, open 'C:\Users\smpos\OneDrive\Escritorio\smposse23EntregaFinalBackEnd\src\dbOperations\files\productos'] {
  errno: -4058,
  code: 'ENOENT',
  syscall: 'open',
  path: 'C:\\Users\\smpos\\OneDrive\\Escritorio\\smposse23EntregaFinalBackEnd\\src\\dbOperations\\files\\productos'
}
[2023-04-01T12:19:36.664] [ERROR] default - [Error: ENOENT: no such file or directory, open 'C:\Users\smpos\OneDrive\Escritorio\smposse23EntregaFinalBackEnd\src\files\productos'] {
  errno: -4058,
  code: 'ENOENT',
  syscall: 'open',
  path: 'C:\\Users\\smpos\\OneDrive\\Escritorio\\smposse23EntregaFinalBackEnd\\src\\files\\productos'
}
[2023-04-01T12:26:22.153] [ERROR] default - [Error: ENOENT: no such file or directory, open 'C:\Users\smpos\OneDrive\Escritorio\smposse23EntregaFinalBackEnd\src\files\productos'] {
  errno: -4058,
  code: 'ENOENT',
  syscall: 'open',
  path: 'C:\\Users\\smpos\\OneDrive\\Escritorio\\smposse23EntregaFinalBackEnd\\src\\files\\productos'
}
[2023-04-01T12:27:22.370] [ERROR] default - [Error: ENOENT: no such file or directory, open 'C:\Users\smpos\OneDrive\Escritorio\smposse23EntregaFinalBackEnd\src\files\usuarios'] {
  errno: -4058,
  code: 'ENOENT',
  syscall: 'open',
  path: 'C:\\Users\\smpos\\OneDrive\\Escritorio\\smposse23EntregaFinalBackEnd\\src\\files\\usuarios'
}
[2023-04-01T12:27:22.373] [ERROR] default - Error al buscar los usuarios Error: TypeError: Cannot destructure property '_id' of 'undefined' as it is undefined.
[2023-04-01T12:41:11.126] [ERROR] default - [Error: select * from `usuarios` - SQLITE_ERROR: no such table: usuarios] {
  errno: 1,
  code: 'SQLITE_ERROR'
}
[2023-04-01T12:41:11.128] [ERROR] default - Error al buscar los usuarios Error: TypeError: Cannot destructure property '_id' of 'undefined' as it is undefined.
[2023-04-15T14:39:14.098] [ERROR] default - Error al eliminar producto Error: Error: Error al borrar: no se encontró el id 234234
[2023-04-15T14:41:51.101] [ERROR] default - Error al eliminar producto Error: Error: Error al borrar: no se encontró el id 1234e6546
[2023-04-15T14:42:52.692] [ERROR] default - Error al eliminar producto Error: Error: Error al borrar: no se encontró el id 1234e6546
[2023-04-15T14:44:43.293] [ERROR] default - Error. No se puede eliminar el producto, ya que el mismo no existe.
[2023-04-15T15:49:52.723] [ERROR] default - Error al eliminar todos los carritos Error [ERR_HTTP_HEADERS_SENT]: Cannot set headers after they are sent to the client
[2023-04-15T15:51:08.265] [ERROR] default - Error al crear nuevo carritoTypeError: Cannot read properties of undefined (reading 'id')
[2023-04-15T19:42:12.776] [ERROR] default - Error al buscar el carrito Error: Error: Hubo un error CastError: Cast to ObjectId failed for value "enviar-pedido" (type string) at path "_id" for model "carritos"
[2023-04-15T19:45:03.949] [ERROR] default - Error al buscar el carrito Error: Error: Hubo un error CastError: Cast to ObjectId failed for value "enviar-pedido" (type string) at path "_id" for model "carritos"
[2023-04-15T19:46:09.928] [ERROR] default - Error al buscar el carrito Error: Error: Hubo un error CastError: Cast to ObjectId failed for value "productos" (type string) at path "_id" for model "carritos"
[2023-04-15T19:47:58.695] [ERROR] default - Error al buscar el carrito Error: Error: Hubo un error CastError: Cast to ObjectId failed for value "enviar-pedido" (type string) at path "_id" for model "carritos"
[2023-04-15T19:50:58.749] [ERROR] default - Error al buscar el carrito Error: Error: Hubo un error CastError: Cast to ObjectId failed for value "enviar-pedido" (type string) at path "_id" for model "carritos"
[2023-04-15T19:51:32.605] [ERROR] default - Error al buscar el carrito Error: Error: Hubo un error CastError: Cast to ObjectId failed for value "enviar-pedido" (type string) at path "_id" for model "carritos"
[2023-04-15T19:52:20.292] [ERROR] default - Error al buscar el carrito Error: Error: Hubo un error CastError: Cast to ObjectId failed for value "enviar-pedido" (type string) at path "_id" for model "carritos"
[2023-04-15T19:57:50.834] [ERROR] default - Error al buscar el carrito Error: Error: Hubo un error CastError: Cast to ObjectId failed for value "enviar-pedido" (type string) at path "_id" for model "carritos"
[2023-04-15T20:02:31.037] [ERROR] default - Error al buscar el carrito Error: Error: Hubo un error CastError: Cast to ObjectId failed for value "enviar-pedido" (type string) at path "_id" for model "carritos"
[2023-04-15T20:15:56.921] [ERROR] default - Error al enviar el pedido
[2023-04-15T20:17:34.254] [ERROR] default - Error al enviar el pedidoError: Hubo un error TypeError: Cannot read properties of undefined (reading 'model')
[2023-04-15T20:22:45.273] [ERROR] default - Error al enviar el pedidoError: Hubo un error TypeError: Cannot read properties of undefined (reading 'model')
[2023-04-15T20:28:15.317] [ERROR] default - Error al enviar el pedidoError: Hubo un error TypeError: Cannot read properties of undefined (reading 'model')
[2023-04-15T20:36:05.872] [ERROR] default - Error al enviar el pedidoError: Hubo un error TypeError: Cannot read properties of undefined (reading 'model')
[2023-04-15T20:40:37.932] [ERROR] default - Error al buscar el carrito Error: Error: Hubo un error CastError: Cast to ObjectId failed for value "cartByUser" (type string) at path "_id" for model "carritos"
[2023-04-15T20:57:47.972] [ERROR] default - Error al enviar el pedidoReferenceError: getByUserId is not defined
[2023-04-15T21:03:18.725] [ERROR] default - Error al enviar el pedidoReferenceError: userId is not defined
[2023-04-15T21:06:22.345] [ERROR] default - Error al enviar el pedidoReferenceError: nombre is not defined
[2023-04-17T13:46:58.000] [ERROR] default - Error al guardar producto en el carrito TypeError: Cannot read properties of null (reading 'error')
[2023-04-17T13:49:05.922] [ERROR] default - Error al guardar producto en el carrito TypeError: Cannot read properties of null (reading 'error')
[2023-04-17T13:59:12.603] [ERROR] default - Error al enviar el pedidoTypeError: Cannot read properties of undefined (reading 'products')
[2023-04-17T14:01:41.547] [ERROR] default - Error al enviar el pedidoTypeError: Cannot read properties of undefined (reading 'products')
[2023-04-17T14:13:35.933] [ERROR] default - Error al enviar el pedidoTypeError: Cannot read properties of undefined (reading 'products')
[2023-04-17T14:15:04.120] [ERROR] default - Error al enviar el pedidoTypeError: Cannot read properties of undefined (reading 'products')
[2023-04-17T14:28:32.837] [ERROR] default - Error al crear nuevo carritoTypeError: Cannot read properties of undefined (reading 'id')
[2023-04-17T14:29:43.932] [ERROR] default - Error al enviar el pedidoError: Authenticate
[2023-04-17T19:24:50.407] [ERROR] default - Se produjo el error MongoServerError: bad auth : Authentication failed.
[2023-04-17T19:25:34.013] [ERROR] default - Se produjo el error MongoServerError: bad auth : Authentication failed.
[2023-04-17T19:27:11.005] [ERROR] default - Se produjo el error MongoServerError: bad auth : Authentication failed.
[2023-04-18T18:29:01.924] [ERROR] default - Error al buscar el carrito TypeError: Cannot read properties of undefined (reading 'id')
[2023-04-18T18:29:07.937] [ERROR] default - Error al buscar el carrito TypeError: Cannot read properties of undefined (reading 'id')
[2023-04-18T18:29:09.746] [ERROR] default - Error al buscar el carrito TypeError: Cannot read properties of undefined (reading 'id')
[2023-04-18T18:29:10.097] [ERROR] default - Error al buscar el carrito TypeError: Cannot read properties of undefined (reading 'id')
[2023-04-18T18:29:10.320] [ERROR] default - Error al buscar el carrito TypeError: Cannot read properties of undefined (reading 'id')
[2023-04-18T18:29:10.514] [ERROR] default - Error al buscar el carrito TypeError: Cannot read properties of undefined (reading 'id')
[2023-04-18T18:29:10.696] [ERROR] default - Error al buscar el carrito TypeError: Cannot read properties of undefined (reading 'id')
[2023-04-18T18:29:10.871] [ERROR] default - Error al buscar el carrito TypeError: Cannot read properties of undefined (reading 'id')
[2023-04-18T18:29:37.287] [ERROR] default - Error al buscar el carrito TypeError: Cannot read properties of undefined (reading 'id')
[2023-04-18T18:29:55.548] [ERROR] default - Error al buscar el carrito TypeError: Cannot read properties of undefined (reading 'id')
[2023-04-18T18:30:25.644] [ERROR] default - Error al buscar el carrito TypeError: Cannot read properties of undefined (reading 'id')
[2023-04-18T18:47:37.150] [ERROR] default - Error al buscar el carrito Error: Error: Hubo un error SyntaxError: Unexpected end of JSON input
[2023-04-18T18:47:55.200] [ERROR] default - Error al buscar el carrito Error: Error: Hubo un error SyntaxError: Unexpected end of JSON input
[2023-04-18T19:16:49.518] [ERROR] default - Error al buscar el producto Error: Error: Hubo un error CastError: Cast to ObjectId failed for value "12" (type string) at path "_id" for model "productos"
[2023-04-18T19:18:55.192] [ERROR] default - No se encontró el usuario con el username smposse@gmail.com
[2023-04-18T19:26:10.241] [ERROR] default - Error al buscar el carrito Error: Error: Hubo un error SyntaxError: Unexpected end of JSON input
[2023-04-19T17:20:36.177] [ERROR] default - Error al buscar el carrito ReferenceError: cart is not defined
[2023-04-19T17:22:00.876] [ERROR] default - Error al buscar el carrito ReferenceError: cart is not defined
[2023-04-19T17:46:32.853] [ERROR] default - Error al buscar el carrito Error: Error: Hubo un error CastError: Cast to ObjectId failed for value "deleteUserCart" (type string) at path "_id" for model "carritos"
